2026-05-20 21:35:05,815 INFO: [SUCCESS] Logging system initialized successfully [in c:\Users\MSI\OneDrive - klu.edu.tr\Masa³st³\flask_app\logging_config.py:78]
2026-05-20 21:35:08,396 INFO: [SUCCESS] Logging system initialized successfully [in c:\Users\MSI\OneDrive - klu.edu.tr\Masa³st³\flask_app\logging_config.py:78]
2026-05-20 21:35:53,917 INFO: Activity: login | User: ahmedsayrafi | Details: Logged in from 127.0.0.1 [in c:\Users\MSI\OneDrive - klu.edu.tr\Masa³st³\flask_app\logging_config.py:86]
2026-05-21 21:14:36,453 INFO: [SUCCESS] Logging system initialized successfully [in c:\Users\MSI\OneDrive - klu.edu.tr\Masa³st³\flask_app\logging_config.py:78]
2026-05-21 21:14:38,137 INFO: [SUCCESS] Logging system initialized successfully [in c:\Users\MSI\OneDrive - klu.edu.tr\Masa³st³\flask_app\logging_config.py:78]
2026-05-21 21:15:10,281 INFO: Activity: login | User: ahmedsayrafi | Details: Logged in from 127.0.0.1 [in c:\Users\MSI\OneDrive - klu.edu.tr\Masa³st³\flask_app\logging_config.py:86]
2026-05-21 21:18:36,590 INFO: [SUCCESS] Logging system initialized successfully [in c:\Users\MSI\OneDrive - klu.edu.tr\Masa³st³\flask_app\logging_config.py:78]
2026-05-21 21:19:48,333 INFO: [SUCCESS] Logging system initialized successfully [in c:\Users\MSI\OneDrive - klu.edu.tr\Masa³st³\flask_app\logging_config.py:78]
2026-05-21 21:20:55,359 INFO: Activity: login | User: ahmedsayrafi | Details: Logged in from 127.0.0.1 [in c:\Users\MSI\OneDrive - klu.edu.tr\Masa³st³\flask_app\logging_config.py:86]
2026-05-21 21:27:46,451 INFO: [SUCCESS] Logging system initialized successfully [in c:\Users\MSI\OneDrive - klu.edu.tr\Masa³st³\flask_app\logging_config.py:78]
2026-05-21 21:27:53,078 INFO: [INFO] File scan requested by ahmedsayrafi [in c:\Users\MSI\OneDrive - klu.edu.tr\Masa³st³\flask_app\app.py:570]
2026-05-21 21:27:53,101 INFO: [INFO] Processing file: pdf (426021 bytes) by ahmedsayrafi [in c:\Users\MSI\OneDrive - klu.edu.tr\Masa³st³\flask_app\app.py:594]
2026-05-21 21:28:00,276 INFO: [SUCCESS] File scan completed for pdf | Score: 72 | Verdict: suspicious [in c:\Users\MSI\OneDrive - klu.edu.tr\Masa³st³\flask_app\app.py:665]
2026-05-21 21:30:27,441 INFO: [SUCCESS] Logging system initialized successfully [in c:\Users\MSI\OneDrive - klu.edu.tr\Masa³st³\flask_app\logging_config.py:78]
2026-05-21 21:30:48,157 INFO: [SUCCESS] Logging system initialized successfully [in c:\Users\MSI\OneDrive - klu.edu.tr\Masa³st³\flask_app\logging_config.py:78]
2026-05-21 21:31:04,762 INFO: [SUCCESS] Logging system initialized successfully [in c:\Users\MSI\OneDrive - klu.edu.tr\Masa³st³\flask_app\logging_config.py:78]
2026-05-21 21:34:36,034 INFO: [SUCCESS] Logging system initialized successfully [in c:\Users\MSI\OneDrive - klu.edu.tr\Masa³st³\flask_app\logging_config.py:78]
2026-05-21 21:34:37,570 INFO: [SUCCESS] Logging system initialized successfully [in c:\Users\MSI\OneDrive - klu.edu.tr\Masa³st³\flask_app\logging_config.py:78]
2026-05-21 21:37:52,971 INFO: [INFO] Site scan requested by ahmedsayrafi [in c:\Users\MSI\OneDrive - klu.edu.tr\Masa³st³\flask_app\app.py:800]
2026-05-21 21:37:52,972 INFO: [INFO] Starting async scan for domain: google.com [in c:\Users\MSI\OneDrive - klu.edu.tr\Masa³st³\flask_app\app.py:809]
2026-05-21 21:37:59,460 INFO: [SUCCESS] Async scan started for google.com | Task ID: ddeb2b48-04c0-4ef5-9787-1a2f53154cbe [in c:\Users\MSI\OneDrive - klu.edu.tr\Masa³st³\flask_app\app.py:825]
2026-05-21 21:49:18,641 INFO: Activity: login | User: ahmedsayrafi | Details: Logged in from 127.0.0.1 [in c:\Users\MSI\OneDrive - klu.edu.tr\Masa³st³\flask_app\logging_config.py:86]
2026-05-21 22:02:25,320 INFO: [INFO] Site scan requested by ahmedsayrafi [in c:\Users\MSI\OneDrive - klu.edu.tr\Masa³st³\flask_app\app.py:800]
2026-05-21 22:02:25,330 INFO: [INFO] Starting async scan for domain: google.com [in c:\Users\MSI\OneDrive - klu.edu.tr\Masa³st³\flask_app\app.py:809]
2026-05-21 22:02:27,573 INFO: [SUCCESS] Async scan started for google.com | Task ID: 7921f70e-018e-4a95-81f4-74ffe455aafa [in c:\Users\MSI\OneDrive - klu.edu.tr\Masa³st³\flask_app\app.py:825]
2026-05-21 22:06:14,758 INFO: [INFO] Site scan requested by ahmedsayrafi [in c:\Users\MSI\OneDrive - klu.edu.tr\Masa³st³\flask_app\app.py:800]
2026-05-21 22:06:14,759 INFO: [INFO] Starting async scan for domain: google.com [in c:\Users\MSI\OneDrive - klu.edu.tr\Masa³st³\flask_app\app.py:809]
2026-05-21 22:06:16,931 INFO: [SUCCESS] Async scan started for google.com | Task ID: fa643aa7-b21e-4ed7-81bb-d73999b43630 [in c:\Users\MSI\OneDrive - klu.edu.tr\Masa³st³\flask_app\app.py:825]
2026-05-21 23:50:49,471 INFO: [SUCCESS] Logging system initialized successfully [in c:\Users\MSI\OneDrive - klu.edu.tr\Masa³st³\flask_app\logging_config.py:78]
2026-05-21 23:50:51,135 INFO: [SUCCESS] Logging system initialized successfully [in c:\Users\MSI\OneDrive - klu.edu.tr\Masa³st³\flask_app\logging_config.py:78]
2026-05-21 23:51:07,020 INFO: Activity: login | User: ahmedsayrafi | Details: Logged in from 127.0.0.1 [in c:\Users\MSI\OneDrive - klu.edu.tr\Masa³st³\flask_app\logging_config.py:86]
2026-05-22 00:01:13,478 INFO: [SUCCESS] Logging system initialized successfully [in c:\Users\MSI\OneDrive - klu.edu.tr\Masa³st³\flask_app\logging_config.py:78]
2026-05-22 00:01:17,340 INFO: [SUCCESS] Logging system initialized successfully [in c:\Users\MSI\OneDrive - klu.edu.tr\Masa³st³\flask_app\logging_config.py:78]
2026-05-22 00:01:20,319 INFO: [SUCCESS] Logging system initialized successfully [in c:\Users\MSI\OneDrive - klu.edu.tr\Masa³st³\flask_app\logging_config.py:78]
2026-05-22 00:01:44,805 INFO: [SUCCESS] Logging system initialized successfully [in c:\Users\MSI\OneDrive - klu.edu.tr\Masa³st³\flask_app\logging_config.py:78]
2026-05-22 00:03:13,273 INFO: [SUCCESS] Logging system initialized successfully [in c:\Users\MSI\OneDrive - klu.edu.tr\Masa³st³\flask_app\logging_config.py:78]
2026-05-22 00:03:14,750 INFO: [SUCCESS] Logging system initialized successfully [in c:\Users\MSI\OneDrive - klu.edu.tr\Masa³st³\flask_app\logging_config.py:78]
2026-05-22 00:03:25,468 INFO: [INFO] Site scan requested by ahmedsayrafi [in c:\Users\MSI\OneDrive - klu.edu.tr\Masa³st³\flask_app\app.py:1138]
2026-05-22 00:03:25,470 INFO: [SUCCESS] Site scan completed for google.com | Score: 65 [in c:\Users\MSI\OneDrive - klu.edu.tr\Masa³st³\flask_app\app.py:1148]
2026-05-22 00:03:25,471 INFO: Activity: site_scan | User: ahmedsayrafi | Details: Scanned domain: google.com [in c:\Users\MSI\OneDrive - klu.edu.tr\Masa³st³\flask_app\logging_config.py:86]
2026-05-22 00:03:52,498 INFO: [INFO] Site scan requested by ahmedsayrafi [in c:\Users\MSI\OneDrive - klu.edu.tr\Masa³st³\flask_app\app.py:1138]
2026-05-22 00:03:52,500 INFO: [SUCCESS] Site scan completed for google.com | Score: 65 [in c:\Users\MSI\OneDrive - klu.edu.tr\Masa³st³\flask_app\app.py:1148]
2026-05-22 00:03:52,501 INFO: Activity: site_scan | User: ahmedsayrafi | Details: Scanned domain: google.com [in c:\Users\MSI\OneDrive - klu.edu.tr\Masa³st³\flask_app\logging_config.py:86]
2026-05-22 00:08:06,454 INFO: [SUCCESS] Logging system initialized successfully [in c:\Users\MSI\OneDrive - klu.edu.tr\Masa³st³\flask_app\logging_config.py:96]
2026-05-22 00:11:25,903 INFO: [SUCCESS] Logging system initialized successfully [in c:\Users\MSI\OneDrive - klu.edu.tr\Masa³st³\flask_app\logging_config.py:96]
2026-05-22 00:15:40,401 INFO: [SUCCESS] Logging system initialized successfully [in c:\Users\MSI\OneDrive - klu.edu.tr\Masa³st³\flask_app\logging_config.py:96]
2026-05-22 00:15:45,514 INFO: [SUCCESS] Logging system initialized successfully [in c:\Users\MSI\OneDrive - klu.edu.tr\Masa³st³\flask_app\logging_config.py:96]
2026-05-22 00:16:05,027 INFO: [SUCCESS] Logging system initialized successfully [in c:\Users\MSI\OneDrive - klu.edu.tr\Masa³st³\flask_app\logging_config.py:96]
2026-05-22 00:16:56,090 INFO: [SUCCESS] Logging system initialized successfully [in c:\Users\MSI\OneDrive - klu.edu.tr\Masa³st³\flask_app\logging_config.py:96]
2026-05-22 00:19:13,583 INFO: [SUCCESS] Logging system initialized successfully [in c:\Users\MSI\OneDrive - klu.edu.tr\Masa³st³\flask_app\logging_config.py:109]
2026-05-22 00:19:21,653 INFO: [INFO] URL analysis requested for scan #25 by ahmedsayrafi [in c:\Users\MSI\OneDrive - klu.edu.tr\Masa³st³\flask_app\app.py:1407]
2026-05-22 00:19:21,655 INFO: [INFO] Starting URL deep analysis for: https://www.klu.edu.tr/ [in c:\Users\MSI\OneDrive - klu.edu.tr\Masa³st³\flask_app\app.py:1414]
2026-05-22 00:19:22,813 INFO: [SUCCESS] URL analysis completed for https://www.klu.edu.tr/ | Score: 85 | Verdict: safe [in c:\Users\MSI\OneDrive - klu.edu.tr\Masa³st³\flask_app\app.py:1424]
2026-05-22 00:19:22,814 INFO: Activity: url_analysis | User: ahmedsayrafi | Details: Analyzed URL: https://www.klu.edu.tr/ [in c:\Users\MSI\OneDrive - klu.edu.tr\Masa³st³\flask_app\logging_config.py:127]
2026-05-22 11:15:22,351 INFO: [SUCCESS] Logging system initialized successfully [in c:\Users\MSI\OneDrive - klu.edu.tr\Masa³st³\flask_app\logging_config.py:109]
2026-05-22 11:15:26,330 INFO: [SUCCESS] Logging system initialized successfully [in c:\Users\MSI\OneDrive - klu.edu.tr\Masa³st³\flask_app\logging_config.py:109]
2026-05-22 11:15:49,746 INFO: Activity: login | User: ahmedsayrafi | Details: Logged in from 127.0.0.1 [in c:\Users\MSI\OneDrive - klu.edu.tr\Masa³st³\flask_app\logging_config.py:127]
2026-05-22 11:18:44,758 INFO: [SUCCESS] Logging system initialized successfully [in c:\Users\MSI\OneDrive - klu.edu.tr\Masa³st³\flask_app\logging_config.py:109]
2026-05-22 11:19:06,974 INFO: [INFO] IP check requested by ahmedsayrafi [in c:\Users\MSI\OneDrive - klu.edu.tr\Masa³st³\flask_app\app.py:960]
2026-05-22 11:19:06,975 INFO: [INFO] Analyzing IP: 37.154.234.193 | User: ahmedsayrafi [in c:\Users\MSI\OneDrive - klu.edu.tr\Masa³st³\flask_app\app.py:969]
2026-05-22 11:19:07,848 INFO: [SUCCESS] IP analysis completed for 37.154.234.193 | Verdict: safe [in c:\Users\MSI\OneDrive - klu.edu.tr\Masa³st³\flask_app\app.py:979]
2026-05-22 11:19:07,849 INFO: Activity: ip_check | User: ahmedsayrafi | Details: Checked IP: 37.154.234.193 | Verdict: safe [in c:\Users\MSI\OneDrive - klu.edu.tr\Masa³st³\flask_app\logging_config.py:127]
2026-05-22 11:21:44,684 INFO: [SUCCESS] Logging system initialized successfully [in c:\Users\MSI\OneDrive - klu.edu.tr\Masa³st³\flask_app\logging_config.py:109]
2026-05-22 11:21:50,564 INFO: [INFO] Email check requested by ahmedsayrafi [in c:\Users\MSI\OneDrive - klu.edu.tr\Masa³st³\flask_app\app.py:890]
2026-05-22 11:21:50,565 INFO: [INFO] Checking email: ahmetsayrafi538213@gmail.com | User: ahmedsayrafi [in c:\Users\MSI\OneDrive - klu.edu.tr\Masa³st³\flask_app\app.py:899]
2026-05-22 11:21:56,089 INFO: [SUCCESS] Email check completed for ahmetsayrafi538213@gmail.com | Verdict: blacklisted | Score: 60 [in c:\Users\MSI\OneDrive - klu.edu.tr\Masa³st³\flask_app\app.py:912]
2026-05-22 11:21:56,090 INFO: Activity: email_check | User: ahmedsayrafi | Details: Checked email: ahmetsayrafi538213@gmail.com | Verdict: blacklisted [in c:\Users\MSI\OneDrive - klu.edu.tr\Masa³st³\flask_app\logging_config.py:127]
2026-05-22 11:22:28,803 WARNING: Found 1 weak patterns in password [in c:\Users\MSI\OneDrive - klu.edu.tr\Masa³st³\flask_app\services\password_analyzer.py:142]
2026-05-22 11:23:16,117 WARNING: Found 1 weak patterns in password [in c:\Users\MSI\OneDrive - klu.edu.tr\Masa³st³\flask_app\services\password_analyzer.py:142]
2026-05-22 11:27:12,819 INFO: [SUCCESS] Logging system initialized successfully [in c:\Users\MSI\OneDrive - klu.edu.tr\Masa³st³\flask_app\logging_config.py:109]
2026-05-22 11:27:23,290 WARNING: Found 1 weak patterns in password (0 major, 1 minor) [in c:\Users\MSI\OneDrive - klu.edu.tr\Masa³st³\flask_app\services\password_analyzer.py:115]
2026-05-22 11:27:23,552 INFO: Final score: 63.75 | Strength: Strong | Major issues: 0 | Minor issues: 1 [in c:\Users\MSI\OneDrive - klu.edu.tr\Masa³st³\flask_app\services\password_analyzer.py:220]
2026-05-22 11:27:55,926 WARNING: Found 1 weak patterns in password (0 major, 1 minor) [in c:\Users\MSI\OneDrive - klu.edu.tr\Masa³st³\flask_app\services\password_analyzer.py:115]
2026-05-22 11:27:56,247 INFO: Final score: 80 | Strength: Very Strong | Major issues: 0 | Minor issues: 1 [in c:\Users\MSI\OneDrive - klu.edu.tr\Masa³st³\flask_app\services\password_analyzer.py:220]
2026-05-22 11:30:14,606 INFO: [SUCCESS] Logging system initialized successfully [in c:\Users\MSI\OneDrive - klu.edu.tr\Masa³st³\flask_app\logging_config.py:109]
2026-05-22 11:30:17,595 INFO: Final score: 75 | Strength: Strong | Major issues: 0 | Minor issues: 1 [in c:\Users\MSI\OneDrive - klu.edu.tr\Masa³st³\flask_app\services\password_analyzer.py:221]
2026-05-22 11:30:56,065 INFO: Checking 200 potential subdomains for google.com [in c:\Users\MSI\OneDrive - klu.edu.tr\Masa³st³\flask_app\services\subdomain_finder.py:134]
2026-05-22 11:31:27,019 INFO: Found 50 subdomains (Active: 30, Redirects: 0, Inactive: 12) [in c:\Users\MSI\OneDrive - klu.edu.tr\Masa³st³\flask_app\services\subdomain_finder.py:162]
2026-05-22 11:31:27,020 INFO: Active subdomains: www.google.com, files.google.com, images.google.com, services.google.com, cloud.google.com, home.google.com, video.google.com, firebase.google.com, registry.google.com, analytics.google.com [in c:\Users\MSI\OneDrive - klu.edu.tr\Masa³st³\flask_app\services\subdomain_finder.py:165]
2026-05-22 11:34:33,010 INFO: [SUCCESS] Logging system initialized successfully [in c:\Users\MSI\OneDrive - klu.edu.tr\Masa³st³\flask_app\logging_config.py:109]
2026-05-22 11:34:34,578 INFO: [INFO] Domain lookup requested by ahmedsayrafi [in c:\Users\MSI\OneDrive - klu.edu.tr\Masa³st³\flask_app\app.py:1384]
2026-05-22 11:34:34,579 INFO: [INFO] Analyzing domain: google.com | User: ahmedsayrafi [in c:\Users\MSI\OneDrive - klu.edu.tr\Masa³st³\flask_app\app.py:1393]
2026-05-22 11:34:36,780 INFO: [SUCCESS] Domain lookup completed for google.com | IP: 216.58.198.46 | Registrar: N/A [in c:\Users\MSI\OneDrive - klu.edu.tr\Masa³st³\flask_app\app.py:1403]
2026-05-22 11:34:36,787 INFO: Activity: domain_lookup | User: ahmedsayrafi | Details: Looked up domain: google.com | IP: 216.58.198.46 [in c:\Users\MSI\OneDrive - klu.edu.tr\Masa³st³\flask_app\logging_config.py:127]
2026-05-22 11:35:23,039 WARNING: VirusTotal scan timeout for URL: http://en.m.wikipedia.org... [in c:\Users\MSI\OneDrive - klu.edu.tr\Masa³st³\flask_app\services\qr_analyzer.py:68]
2026-05-22 11:36:22,495 INFO: [SUCCESS] Logging system initialized successfully [in c:\Users\MSI\OneDrive - klu.edu.tr\Masa³st³\flask_app\logging_config.py:109]
2026-05-22 11:36:25,568 INFO: [INFO] QR scan requested by ahmedsayrafi [in c:\Users\MSI\OneDrive - klu.edu.tr\Masa³st³\flask_app\app.py:1425]
2026-05-22 11:36:25,569 INFO: [INFO] Scanning QR URL: http://en.m.wikipedia.org | User: ahmedsayrafi [in c:\Users\MSI\OneDrive - klu.edu.tr\Masa³st³\flask_app\app.py:1434]
2026-05-22 11:36:27,844 INFO: [SUCCESS] QR scan completed for http://en.m.wikipedia.org | Verdict: clean [in c:\Users\MSI\OneDrive - klu.edu.tr\Masa³st³\flask_app\app.py:1440]
2026-05-22 11:36:27,845 INFO: Activity: qr_scan | User: ahmedsayrafi | Details: Scanned QR URL: http://en.m.wikipedia.org | Verdict: clean [in c:\Users\MSI\OneDrive - klu.edu.tr\Masa³st³\flask_app\logging_config.py:127]
2026-05-22 11:37:09,463 INFO: SSL certificate for google.com valid for 69 days (Grade: B) [in c:\Users\MSI\OneDrive - klu.edu.tr\Masa³st³\flask_app\services\ssl_analyzer.py:60]
